[2026-07-14T13:17:17.667Z] [INFO] Scheduled task: Full anatomy rescan (0 */6 * * *)
[2026-07-14T13:17:17.669Z] [INFO] Scheduled task: Consolidate old memory (0 2 * * *)
[2026-07-14T13:17:17.669Z] [INFO] Scheduled task: Token audit report (0 0 * * 1)
[2026-07-14T13:17:17.669Z] [INFO] Scheduled task: Cerebrum reflection (0 3 * * 0)
[2026-07-14T13:17:17.669Z] [INFO] Scheduled task: AI suggestions (0 4 * * 1)
[2026-07-14T13:17:17.670Z] [INFO] File watcher started on .wolf/
[2026-07-14T13:17:17.670Z] [INFO] OpenWolf daemon started
[2026-07-14T13:17:17.671Z] [INFO] Dashboard server listening on port 18791
[2026-07-14T13:17:17.848Z] [INFO] Scheduled task: Full anatomy rescan (0 */6 * * *)
[2026-07-14T13:17:17.849Z] [INFO] Scheduled task: Consolidate old memory (0 2 * * *)
[2026-07-14T13:17:17.849Z] [INFO] Scheduled task: Token audit report (0 0 * * 1)
[2026-07-14T13:17:17.850Z] [INFO] Scheduled task: Cerebrum reflection (0 3 * * 0)
[2026-07-14T13:17:17.850Z] [INFO] Scheduled task: AI suggestions (0 4 * * 1)
[2026-07-14T13:17:17.850Z] [INFO] File watcher started on .wolf/
[2026-07-14T13:17:17.851Z] [INFO] OpenWolf daemon started
[2026-07-14T13:17:17.851Z] [INFO] Dashboard server listening on port 18791
[2026-07-14T13:17:18.024Z] [INFO] Scheduled task: Full anatomy rescan (0 */6 * * *)
[2026-07-14T13:17:18.025Z] [INFO] Scheduled task: Consolidate old memory (0 2 * * *)
[2026-07-14T13:17:18.026Z] [INFO] Scheduled task: Token audit report (0 0 * * 1)
[2026-07-14T13:17:18.026Z] [INFO] Scheduled task: Cerebrum reflection (0 3 * * 0)
[2026-07-14T13:17:18.026Z] [INFO] Scheduled task: AI suggestions (0 4 * * 1)
[2026-07-14T13:17:18.027Z] [INFO] File watcher started on .wolf/
[2026-07-14T13:17:18.027Z] [INFO] OpenWolf daemon started
[2026-07-14T13:17:18.028Z] [INFO] Dashboard server listening on port 18791
[2026-07-14T13:17:18.202Z] [INFO] Scheduled task: Full anatomy rescan (0 */6 * * *)
[2026-07-14T13:17:18.203Z] [INFO] Scheduled task: Consolidate old memory (0 2 * * *)
[2026-07-14T13:17:18.203Z] [INFO] Scheduled task: Token audit report (0 0 * * 1)
[2026-07-14T13:17:18.203Z] [INFO] Scheduled task: Cerebrum reflection (0 3 * * 0)
[2026-07-14T13:17:18.203Z] [INFO] Scheduled task: AI suggestions (0 4 * * 1)
[2026-07-14T13:17:18.204Z] [INFO] File watcher started on .wolf/
[2026-07-14T13:17:18.204Z] [INFO] OpenWolf daemon started
[2026-07-14T13:17:18.205Z] [INFO] Dashboard server listening on port 18791
[2026-07-14T13:17:18.372Z] [INFO] Scheduled task: Full anatomy rescan (0 */6 * * *)
[2026-07-14T13:17:18.373Z] [INFO] Scheduled task: Consolidate old memory (0 2 * * *)
[2026-07-14T13:17:18.374Z] [INFO] Scheduled task: Token audit report (0 0 * * 1)
[2026-07-14T13:17:18.374Z] [INFO] Scheduled task: Cerebrum reflection (0 3 * * 0)
[2026-07-14T13:17:18.374Z] [INFO] Scheduled task: AI suggestions (0 4 * * 1)
[2026-07-14T13:17:18.375Z] [INFO] File watcher started on .wolf/
[2026-07-14T13:17:18.375Z] [INFO] OpenWolf daemon started
[2026-07-14T13:17:18.375Z] [INFO] Dashboard server listening on port 18791
[2026-07-14T13:17:18.543Z] [INFO] Scheduled task: Full anatomy rescan (0 */6 * * *)
[2026-07-14T13:17:18.544Z] [INFO] Scheduled task: Consolidate old memory (0 2 * * *)
[2026-07-14T13:17:18.544Z] [INFO] Scheduled task: Token audit report (0 0 * * 1)
[2026-07-14T13:17:18.544Z] [INFO] Scheduled task: Cerebrum reflection (0 3 * * 0)
[2026-07-14T13:17:18.545Z] [INFO] Scheduled task: AI suggestions (0 4 * * 1)
[2026-07-14T13:17:18.545Z] [INFO] File watcher started on .wolf/
[2026-07-14T13:17:18.545Z] [INFO] OpenWolf daemon started
[2026-07-14T13:17:18.546Z] [INFO] Dashboard server listening on port 18791
[2026-07-14T13:17:18.714Z] [INFO] Scheduled task: Full anatomy rescan (0 */6 * * *)
[2026-07-14T13:17:18.715Z] [INFO] Scheduled task: Consolidate old memory (0 2 * * *)
[2026-07-14T13:17:18.715Z] [INFO] Scheduled task: Token audit report (0 0 * * 1)
[2026-07-14T13:17:18.716Z] [INFO] Scheduled task: Cerebrum reflection (0 3 * * 0)
[2026-07-14T13:17:18.716Z] [INFO] Scheduled task: AI suggestions (0 4 * * 1)
[2026-07-14T13:17:18.716Z] [INFO] File watcher started on .wolf/
[2026-07-14T13:17:18.717Z] [INFO] OpenWolf daemon started
[2026-07-14T13:17:18.717Z] [INFO] Dashboard server listening on port 18791
[2026-07-14T13:17:18.889Z] [INFO] Scheduled task: Full anatomy rescan (0 */6 * * *)
[2026-07-14T13:17:18.890Z] [INFO] Scheduled task: Consolidate old memory (0 2 * * *)
[2026-07-14T13:17:18.890Z] [INFO] Scheduled task: Token audit report (0 0 * * 1)
[2026-07-14T13:17:18.890Z] [INFO] Scheduled task: Cerebrum reflection (0 3 * * 0)
[2026-07-14T13:17:18.891Z] [INFO] Scheduled task: AI suggestions (0 4 * * 1)
[2026-07-14T13:17:18.891Z] [INFO] File watcher started on .wolf/
[2026-07-14T13:17:18.892Z] [INFO] OpenWolf daemon started
[2026-07-14T13:17:18.892Z] [INFO] Dashboard server listening on port 18791
[2026-07-14T13:17:19.059Z] [INFO] Scheduled task: Full anatomy rescan (0 */6 * * *)
[2026-07-14T13:17:19.060Z] [INFO] Scheduled task: Consolidate old memory (0 2 * * *)
[2026-07-14T13:17:19.061Z] [INFO] Scheduled task: Token audit report (0 0 * * 1)
[2026-07-14T13:17:19.061Z] [INFO] Scheduled task: Cerebrum reflection (0 3 * * 0)
[2026-07-14T13:17:19.061Z] [INFO] Scheduled task: AI suggestions (0 4 * * 1)
[2026-07-14T13:17:19.061Z] [INFO] File watcher started on .wolf/
[2026-07-14T13:17:19.062Z] [INFO] OpenWolf daemon started
[2026-07-14T13:17:19.062Z] [INFO] Dashboard server listening on port 18791
[2026-07-14T13:17:19.242Z] [INFO] Scheduled task: Full anatomy rescan (0 */6 * * *)
[2026-07-14T13:17:19.243Z] [INFO] Scheduled task: Consolidate old memory (0 2 * * *)
[2026-07-14T13:17:19.243Z] [INFO] Scheduled task: Token audit report (0 0 * * 1)
[2026-07-14T13:17:19.243Z] [INFO] Scheduled task: Cerebrum reflection (0 3 * * 0)
[2026-07-14T13:17:19.243Z] [INFO] Scheduled task: AI suggestions (0 4 * * 1)
[2026-07-14T13:17:19.244Z] [INFO] File watcher started on .wolf/
[2026-07-14T13:17:19.244Z] [INFO] OpenWolf daemon started
[2026-07-14T13:17:19.245Z] [INFO] Dashboard server listening on port 18791
[2026-07-14T13:17:19.422Z] [INFO] Scheduled task: Full anatomy rescan (0 */6 * * *)
[2026-07-14T13:17:19.423Z] [INFO] Scheduled task: Consolidate old memory (0 2 * * *)
[2026-07-14T13:17:19.423Z] [INFO] Scheduled task: Token audit report (0 0 * * 1)
[2026-07-14T13:17:19.423Z] [INFO] Scheduled task: Cerebrum reflection (0 3 * * 0)
[2026-07-14T13:17:19.424Z] [INFO] Scheduled task: AI suggestions (0 4 * * 1)
[2026-07-14T13:17:19.424Z] [INFO] File watcher started on .wolf/
[2026-07-14T13:17:19.425Z] [INFO] OpenWolf daemon started
[2026-07-14T13:17:19.425Z] [INFO] Dashboard server listening on port 18791
[2026-07-14T13:17:19.600Z] [INFO] Scheduled task: Full anatomy rescan (0 */6 * * *)
[2026-07-14T13:17:19.601Z] [INFO] Scheduled task: Consolidate old memory (0 2 * * *)
[2026-07-14T13:17:19.601Z] [INFO] Scheduled task: Token audit report (0 0 * * 1)
[2026-07-14T13:17:19.602Z] [INFO] Scheduled task: Cerebrum reflection (0 3 * * 0)
[2026-07-14T13:17:19.602Z] [INFO] Scheduled task: AI suggestions (0 4 * * 1)
[2026-07-14T13:17:19.602Z] [INFO] File watcher started on .wolf/
[2026-07-14T13:17:19.603Z] [INFO] OpenWolf daemon started
[2026-07-14T13:17:19.603Z] [INFO] Dashboard server listening on port 18791
[2026-07-14T13:17:19.777Z] [INFO] Scheduled task: Full anatomy rescan (0 */6 * * *)
[2026-07-14T13:17:19.778Z] [INFO] Scheduled task: Consolidate old memory (0 2 * * *)
[2026-07-14T13:17:19.779Z] [INFO] Scheduled task: Token audit report (0 0 * * 1)
[2026-07-14T13:17:19.779Z] [INFO] Scheduled task: Cerebrum reflection (0 3 * * 0)
[2026-07-14T13:17:19.779Z] [INFO] Scheduled task: AI suggestions (0 4 * * 1)
[2026-07-14T13:17:19.780Z] [INFO] File watcher started on .wolf/
[2026-07-14T13:17:19.780Z] [INFO] OpenWolf daemon started
[2026-07-14T13:17:19.781Z] [INFO] Dashboard server listening on port 18791
[2026-07-14T13:17:19.950Z] [INFO] Scheduled task: Full anatomy rescan (0 */6 * * *)
[2026-07-14T13:17:19.951Z] [INFO] Scheduled task: Consolidate old memory (0 2 * * *)
[2026-07-14T13:17:19.951Z] [INFO] Scheduled task: Token audit report (0 0 * * 1)
[2026-07-14T13:17:19.952Z] [INFO] Scheduled task: Cerebrum reflection (0 3 * * 0)
[2026-07-14T13:17:19.952Z] [INFO] Scheduled task: AI suggestions (0 4 * * 1)
[2026-07-14T13:17:19.952Z] [INFO] File watcher started on .wolf/
[2026-07-14T13:17:19.953Z] [INFO] OpenWolf daemon started
[2026-07-14T13:17:19.953Z] [INFO] Dashboard server listening on port 18791
[2026-07-14T13:17:20.121Z] [INFO] Scheduled task: Full anatomy rescan (0 */6 * * *)
[2026-07-14T13:17:20.122Z] [INFO] Scheduled task: Consolidate old memory (0 2 * * *)
[2026-07-14T13:17:20.122Z] [INFO] Scheduled task: Token audit report (0 0 * * 1)
[2026-07-14T13:17:20.123Z] [INFO] Scheduled task: Cerebrum reflection (0 3 * * 0)
[2026-07-14T13:17:20.123Z] [INFO] Scheduled task: AI suggestions (0 4 * * 1)
[2026-07-14T13:17:20.123Z] [INFO] File watcher started on .wolf/
[2026-07-14T13:17:20.124Z] [INFO] OpenWolf daemon started
[2026-07-14T13:17:20.124Z] [INFO] Dashboard server listening on port 18791
[2026-07-14T13:17:20.314Z] [INFO] Scheduled task: Full anatomy rescan (0 */6 * * *)
[2026-07-14T13:17:20.315Z] [INFO] Scheduled task: Consolidate old memory (0 2 * * *)
[2026-07-14T13:17:20.315Z] [INFO] Scheduled task: Token audit report (0 0 * * 1)
[2026-07-14T13:17:20.316Z] [INFO] Scheduled task: Cerebrum reflection (0 3 * * 0)
[2026-07-14T13:17:20.316Z] [INFO] Scheduled task: AI suggestions (0 4 * * 1)
[2026-07-14T13:17:20.316Z] [INFO] File watcher started on .wolf/
[2026-07-14T13:17:20.317Z] [INFO] OpenWolf daemon started
[2026-07-14T13:17:20.317Z] [INFO] Dashboard server listening on port 18791
